[2017-05-03 02:44:10] START
[2017-05-03 02:48:08] EDIT DeviceManagement/views/default/index.html: 0
[2017-05-03 02:48:14] EDIT DeviceManagement/views/default/index.html: 0
[2017-05-03 02:48:53] EDIT DeviceManagement/views/default/index.html: 0
[2017-05-03 02:49:14] EDIT DeviceManagement/views/default/index.html: 0
[2017-05-03 02:51:03] EDIT DeviceManagement/views/default/index.html: 0
[2017-05-03 02:51:49] EDIT DeviceManagement/views/default/index.html: 0
[2017-05-03 02:53:46] EDIT DeviceManagement/views/default/index.html: 0
[2017-05-03 02:54:33] EDIT DeviceManagement/views/layout.html: 1
[2017-05-03 02:54:41] EDIT DeviceManagement/views/layout.html: 0
[2017-05-03 02:54:55] EDIT DeviceManagement/views/layout.html: 0
[2017-05-03 03:08:01] EDIT DeviceManagement/views/default/index.html: -1
[2017-05-03 03:08:10] EDIT DeviceManagement/views/default/index.html: 0
[2017-05-03 03:08:15] EDIT DeviceManagement/views/default/index.html: -2
[2017-05-03 03:10:39] EDIT DeviceManagement/models/menu.py: -93
[2017-05-03 03:10:54] EDIT DeviceManagement/models/menu.py: -9
[2017-05-03 03:11:21] EDIT DeviceManagement/views/layout.html: 0
[2017-05-03 03:12:42] EDIT DeviceManagement/views/layout.html: 3
[2017-05-03 03:14:07] EDIT DeviceManagement/controllers/default.py: 0
[2017-05-03 03:14:19] EDIT DeviceManagement/controllers/default.py: 0
[2017-05-03 03:19:08] EDIT DeviceManagement/models/db.py: 0
[2017-05-03 03:20:20] EDIT DeviceManagement/models/db.py: 0
[2017-05-03 03:20:27] EDIT DeviceManagement/models/db.py: 0
[2017-05-03 03:26:44] EDIT DeviceManagement/private/appconfig.ini: 0
[2017-05-03 03:27:22] EDIT DeviceManagement/private/appconfig.ini: 0
[2017-05-03 03:31:24] EDIT DeviceManagement/views/layout.html: 0
[2017-05-03 03:31:32] EDIT DeviceManagement/views/layout.html: 0
[2017-05-03 03:36:08] EDIT DeviceManagement/static/css/custom.css: 3
[2017-05-03 03:37:11] EDIT DeviceManagement/views/layout.html: 0
[2017-05-03 03:38:19] EDIT DeviceManagement/static/css/custom.css: 0
[2017-05-03 03:39:52] EDIT DeviceManagement/static/css/custom.css: 0
[2017-05-03 03:40:02] EDIT DeviceManagement/static/css/custom.css: 0
[2017-05-03 03:42:39] EDIT DeviceManagement/views/default/index.html: 0
[2017-05-03 03:42:49] EDIT DeviceManagement/views/default/index.html: 0
[2017-05-03 03:44:08] EDIT DeviceManagement/views/default/index.html: 0
[2017-05-03 03:44:30] EDIT DeviceManagement/static/css/custom.css: 0
[2017-05-03 03:45:54] EDIT DeviceManagement/static/css/custom.css: 5
[2017-05-03 03:46:01] EDIT DeviceManagement/static/css/custom.css: -1
[2017-05-03 03:46:48] EDIT DeviceManagement/static/css/custom.css: 0
[2017-05-03 03:47:41] EDIT DeviceManagement/static/css/custom.css: 0
[2017-05-03 03:48:39] EDIT DeviceManagement/static/css/custom.css: 0
[2017-05-03 03:49:20] EDIT DeviceManagement/static/css/custom.css: 0
[2017-05-03 03:51:03] EDIT DeviceManagement/views/layout.html: 2
[2017-05-03 03:51:16] EDIT DeviceManagement/views/layout.html: -1
[2017-05-03 03:53:01] EDIT DeviceManagement/views/layout.html: -1
[2017-05-03 03:53:15] EDIT DeviceManagement/views/layout.html: -1
[2017-05-03 03:53:20] EDIT DeviceManagement/static/css/custom.css: 1
[2017-05-03 03:54:09] EDIT DeviceManagement/views/layout.html: 2
[2017-05-03 03:55:19] EDIT DeviceManagement/static/css/custom.css: 0
[2017-05-03 03:55:23] EDIT DeviceManagement/static/css/custom.css: -4
[2017-05-03 03:56:15] EDIT DeviceManagement/static/css/custom.css: 0
[2017-05-03 03:56:50] EDIT DeviceManagement/static/css/custom.css: 0
[2017-05-03 03:56:50] EDIT DeviceManagement/static/css/custom.css: 0
[2017-05-03 04:00:21] EDIT DeviceManagement/static/css/custom.css: 0
[2017-05-03 04:02:19] EDIT DeviceManagement/views/default/index.html: 10
[2017-05-03 04:02:40] CREATE default/view_devices.html: 0
[2017-05-03 04:03:15] EDIT DeviceManagement/views/layout.html: 0
[2017-05-03 04:03:43] EDIT DeviceManagement/controllers/default.py: 2
[2017-05-03 04:04:02] EDIT DeviceManagement/views/default/index.html: 0
[2017-05-03 04:07:59] EDIT DeviceManagement/static/css/custom.css: 1
[2017-05-03 04:08:34] EDIT DeviceManagement/static/css/custom.css: 0
[2017-05-03 04:10:19] EDIT DeviceManagement/static/css/custom.css: 0
[2017-05-03 04:19:42] EDIT DeviceManagement/private/appconfig.ini: 0
[2017-05-03 04:19:58] EDIT DeviceManagement/private/appconfig.ini: 0
[2017-05-03 04:21:23] EDIT DeviceManagement/private/appconfig.ini: 0
[2017-05-03 04:22:01] EDIT DeviceManagement/private/appconfig.ini: 0
[2017-05-03 04:23:23] EDIT DeviceManagement/models/db.py: 0
[2017-05-03 04:24:00] EDIT DeviceManagement/models/db.py: 0
[2017-05-03 04:24:13] EDIT DeviceManagement/models/db.py: 0
[2017-05-03 04:25:29] EDIT DeviceManagement/private/appconfig.ini: 0
[2017-05-03 04:26:18] EDIT DeviceManagement/private/appconfig.ini: 0
[2017-05-03 04:27:23] EDIT DeviceManagement/controllers/default.py: 2
[2017-05-03 04:28:19] EDIT DeviceManagement/views/default/user.html: 0
[2017-05-03 04:28:36] EDIT DeviceManagement/views/default/user.html: 3
[2017-05-03 04:28:50] EDIT DeviceManagement/views/default/user.html: 0
[2017-05-03 04:29:26] EDIT DeviceManagement/private/appconfig.ini: 0
[2017-05-03 04:38:22] EDIT DeviceManager/views/default/user.html: 0
[2017-05-03 04:38:53] EDIT DeviceManager/views/default/user.html: 0
[2017-05-03 04:39:04] EDIT DeviceManager/views/default/user.html: 0
[2017-05-03 04:39:13] EDIT DeviceManager/views/default/user.html: 0
[2017-05-03 04:51:03] EDIT DeviceManager/views/default/user.html: 0
[2017-05-03 04:51:20] EDIT DeviceManager/views/default/user.html: 0
[2017-05-03 09:39:01] CREATE add_devices.html: 0
[2017-05-03 09:39:32] EDIT DeviceManager/controllers/default.py: 3
[2017-05-03 09:39:51] EDIT DeviceManager/views/add_devices.html: 0
[2017-05-03 09:39:53] EDIT DeviceManager/views/default/view_devices.html: 0
[2017-05-03 09:40:28] DELETE DeviceManager/views/add_devices.html: -3
[2017-05-03 09:40:52] CREATE default/add_devices.html: 0
[2017-05-03 09:43:38] EDIT DeviceManager/views/layout.html: 1
[2017-05-03 10:27:56] EDIT DeviceManager/controllers/default.py: 5
[2017-05-03 10:29:44] EDIT DeviceManager/controllers/default.py: 0
[2017-05-03 10:40:46] EDIT DeviceManager/views/default/add_devices.html: 2
[2017-05-03 10:41:27] EDIT DeviceManager/views/default/add_devices.html: 0
[2017-05-03 10:43:48] EDIT DeviceManager/views/default/add_devices.html: 0
[2017-05-03 13:14:16] EDIT DeviceManager/views/default/view_devices.html: 17
[2017-05-03 13:53:08] EDIT DeviceManager/views/default/add_devices.html: 3
[2017-05-03 13:53:21] EDIT DeviceManager/controllers/default.py: 3
[2017-05-03 13:53:36] EDIT DeviceManager/views/layout.html: 31
[2017-05-03 13:55:38] EDIT DeviceManager/views/default/view_devices.html: 0
[2017-05-03 13:58:18] EDIT DeviceManager/controllers/default.py: 0
[2017-05-03 13:58:42] EDIT DeviceManager/controllers/default.py: 0
[2017-05-03 14:10:39] EDIT DeviceManager/views/default/add_devices.html: 2
[2017-05-03 14:12:29] EDIT DeviceManager/views/default/add_devices.html: 2
[2017-05-03 14:13:23] EDIT DeviceManager/views/default/add_devices.html: 0
[2017-05-03 14:15:25] EDIT DeviceManager/views/default/add_devices.html: 0
[2017-05-03 14:16:42] EDIT DeviceManager/views/default/add_devices.html: 0
[2017-05-05 12:06:21] CREATE db1.py: 0
[2017-05-05 13:31:19] EDIT DeviceManager/views/layout.html: 0
[2017-05-08 09:50:20] EDIT DeviceManager/models/db.py: 2
[2017-05-08 09:57:43] EDIT DeviceManager/models/db.py: 0
[2017-05-08 10:01:52] CREATE default/selected_device.html: 0
[2017-05-08 10:15:30] EDIT DeviceManager/views/default/view_devices.html: -1
[2017-05-08 10:21:16] EDIT DeviceManager/views/default/selected_device.html: 26
[2017-05-08 10:23:03] EDIT DeviceManager/controllers/default.py: 4
[2017-05-08 10:24:26] EDIT DeviceManager/models/db.py: 0
[2017-05-08 10:26:01] EDIT DeviceManager/models/db.py: 0
[2017-05-08 10:28:48] EDIT DeviceManager/models/db.py: 0
[2017-05-08 10:29:18] EDIT DeviceManager/models/db.py: 0
[2017-05-08 10:29:26] EDIT DeviceManager/models/db.py: 0
[2017-05-08 10:30:19] EDIT DeviceManager/models/db.py: 0
[2017-05-08 10:33:18] EDIT DeviceManager/models/db.py: 0
[2017-05-08 10:34:27] EDIT DeviceManager/models/db.py: 0
[2017-05-08 10:37:21] EDIT DeviceManager/models/db.py: 0
[2017-05-08 10:37:27] EDIT DeviceManager/models/db.py: 0
[2017-05-08 10:37:47] EDIT DeviceManager/models/db.py: 0
[2017-05-08 10:37:52] EDIT DeviceManager/models/db.py: 0
[2017-05-08 10:38:04] EDIT DeviceManager/models/db.py: 0
[2017-05-08 10:38:22] EDIT DeviceManager/models/db.py: 0
[2017-05-08 10:39:11] EDIT DeviceManager/models/db.py: 0
[2017-05-08 10:39:19] EDIT DeviceManager/models/db.py: 0
[2017-05-08 10:39:28] EDIT DeviceManager/models/db.py: 1
[2017-05-08 10:39:40] EDIT DeviceManager/models/db.py: -1
[2017-05-08 10:40:12] EDIT DeviceManager/models/db.py: 0
[2017-05-08 10:40:52] EDIT DeviceManager/models/db.py: 0
[2017-05-08 10:42:52] EDIT DeviceManager/models/db.py: 0
[2017-05-08 10:56:53] EDIT DeviceManager/models/db.py: 0
[2017-05-08 10:58:02] EDIT DeviceManager/models/db.py: 0
[2017-05-08 10:59:45] EDIT DeviceManager/models/db.py: 0
[2017-05-08 11:03:00] EDIT DeviceManager/controllers/default.py: 0
[2017-05-08 11:04:22] EDIT DeviceManager/views/default/view_devices.html: 0
[2017-05-08 12:48:04] EDIT DeviceManager/models/db.py: 1
[2017-05-08 12:48:23] EDIT DeviceManager/models/db1.py: 3
[2017-05-08 12:48:55] EDIT DeviceManager/models/db1.py: 0
[2017-05-08 12:49:07] EDIT DeviceManager/models/db1.py: 0
[2017-05-08 12:50:32] EDIT DeviceManager/models/db1.py: 0
[2017-05-08 12:50:34] EDIT DeviceManager/models/db.py: -3
[2017-05-08 12:51:47] EDIT DeviceManager/models/db1.py: 0
[2017-05-08 12:55:48] EDIT DeviceManager/models/db1.py: 0
[2017-05-08 12:58:54] EDIT DeviceManager/models/db1.py: 0
[2017-05-08 13:06:41] EDIT DeviceManager/models/db1.py: 0
[2017-05-08 13:06:43] EDIT DeviceManager/models/db1.py: 0
[2017-05-08 13:07:47] EDIT DeviceManager/models/db1.py: -2
[2017-05-08 13:09:07] EDIT DeviceManager/models/db1.py: 0
[2017-05-08 13:11:20] EDIT DeviceManager/models/db1.py: -1
[2017-05-08 13:12:21] EDIT DeviceManager/controllers/default.py: 0
[2017-05-08 13:12:31] EDIT DeviceManager/controllers/default.py: 0
[2017-05-08 13:12:42] EDIT DeviceManager/controllers/default.py: -2
[2017-05-08 13:13:06] EDIT DeviceManager/models/db1.py: 1
[2017-05-08 13:13:31] EDIT DeviceManager/models/db1.py: -1
[2017-05-08 13:15:53] EDIT DeviceManager/models/db1.py: 1
[2017-05-08 13:20:42] EDIT DeviceManager/models/db1.py: 0
[2017-05-08 13:20:55] EDIT DeviceManager/models/db1.py: 0
[2017-05-08 13:31:08] EDIT DeviceManager/models/db1.py: 2
[2017-05-08 13:31:25] EDIT DeviceManager/controllers/default.py: 2
[2017-05-08 13:31:53] EDIT DeviceManager/controllers/default.py: 0
[2017-05-08 13:35:42] EDIT DeviceManager/models/db1.py: 0
[2017-05-08 13:37:57] EDIT DeviceManager/models/db1.py: 0
[2017-05-08 13:38:33] EDIT DeviceManager/models/db1.py: 0
[2017-05-08 13:38:37] EDIT DeviceManager/models/db1.py: 0
[2017-05-08 13:39:02] EDIT DeviceManager/models/db1.py: 0
[2017-05-08 13:39:09] EDIT DeviceManager/models/db1.py: 0
[2017-05-08 13:39:56] EDIT DeviceManager/models/db1.py: 0
[2017-05-08 13:40:14] EDIT DeviceManager/models/db1.py: 0
[2017-05-08 13:41:13] EDIT DeviceManager/models/db1.py: 0
[2017-05-08 13:43:23] EDIT DeviceManager/views/layout.html: 0
[2017-05-08 13:43:52] EDIT DeviceManager/views/layout.html: 0
[2017-05-08 13:44:32] EDIT DeviceManager/views/layout.html: 0
[2017-05-08 13:48:24] EDIT DeviceManager/views/layout.html: 0
[2017-05-08 13:54:28] EDIT DeviceManager/controllers/default.py: 0
[2017-05-08 13:57:46] EDIT DeviceManager/controllers/default.py: 1
[2017-05-08 13:57:57] EDIT DeviceManager/controllers/default.py: -1
[2017-05-08 13:58:19] EDIT DeviceManager/controllers/default.py: -1
[2017-05-08 13:59:12] EDIT DeviceManager/controllers/default.py: 2
[2017-05-08 13:59:28] EDIT DeviceManager/controllers/default.py: -2
[2017-05-08 13:59:37] EDIT DeviceManager/controllers/default.py: 2
[2017-05-08 14:00:13] EDIT DeviceManager/controllers/default.py: 1
[2017-05-08 14:00:55] EDIT DeviceManager/controllers/default.py: -5
[2017-05-08 14:03:20] EDIT DeviceManager/views/default/view_devices.html: 0
[2017-05-08 14:04:10] EDIT DeviceManager/views/default/view_devices.html: 0
[2017-05-08 14:04:43] EDIT DeviceManager/views/default/view_devices.html: 0
[2017-05-08 14:05:00] EDIT DeviceManager/views/default/view_devices.html: 0
[2017-05-08 14:05:24] EDIT DeviceManager/views/default/view_devices.html: 1
[2017-05-08 14:05:35] EDIT DeviceManager/controllers/default.py: 0
[2017-05-08 14:05:55] EDIT DeviceManager/views/default/view_devices.html: 0
[2017-05-08 14:06:14] EDIT DeviceManager/views/default/view_devices.html: 0
[2017-05-08 14:07:11] EDIT DeviceManager/views/default/view_devices.html: -16
[2017-05-08 14:10:05] EDIT DeviceManager/controllers/default.py: 0
[2017-05-08 14:10:23] EDIT DeviceManager/views/default/view_devices.html: 15
[2017-05-08 14:11:22] EDIT DeviceManager/views/default/view_devices.html: 0
[2017-05-08 14:45:04] EDIT DeviceManager/controllers/default.py: 0
[2017-05-08 14:46:32] EDIT DeviceManager/views/default/selected_device.html: 0
[2017-05-08 15:06:37] EDIT DeviceManager/views/default/selected_device.html: 5
[2017-05-08 15:07:33] EDIT DeviceManager/models/db1.py: 0
[2017-05-08 15:11:13] EDIT DeviceManager/models/db1.py: 0
[2017-05-08 15:11:36] EDIT DeviceManager/models/db1.py: 0
[2017-05-08 15:11:36] EDIT DeviceManager/models/db1.py: 0
[2017-05-08 15:11:50] EDIT DeviceManager/models/db1.py: 0
[2017-05-08 15:12:24] EDIT DeviceManager/views/layout.html: 0
[2017-05-08 15:12:34] EDIT DeviceManager/models/db1.py: 1
[2017-05-08 15:13:30] EDIT DeviceManager/models/db1.py: 0
[2017-05-08 15:13:54] EDIT DeviceManager/views/layout.html: 0
[2017-05-08 15:19:28] EDIT DeviceManager/models/db1.py: 1
[2017-05-08 15:45:16] EDIT DeviceManager/models/db1.py: -1
[2017-05-08 15:56:08] EDIT DeviceManager/models/db1.py: 0
[2017-05-08 15:56:47] EDIT DeviceManager/models/db1.py: 0
[2017-05-08 16:03:21] EDIT DeviceManager/models/db1.py: 0
[2017-05-08 16:03:53] EDIT DeviceManager/models/db1.py: 0
[2017-05-08 16:46:12] EDIT DeviceManager/models/db1.py: 0
[2017-05-08 18:04:19] EDIT DeviceManager/models/db1.py: 0
[2017-05-08 18:24:53] EDIT DeviceManager/models/db1.py: 0
[2017-05-08 18:31:36] EDIT DeviceManager/models/db1.py: 0
[2017-05-08 18:32:42] EDIT DeviceManager/models/db1.py: 0
[2017-05-08 18:45:10] EDIT DeviceManager/models/db1.py: 0
[2017-05-08 18:45:10] EDIT DeviceManager/models/db1.py: 0
[2017-05-08 18:46:10] EDIT DeviceManager/models/db1.py: 0
[2017-05-08 20:13:23] EDIT devicemanager/models/db1.py: 0
[2017-05-08 20:14:16] EDIT devicemanager/models/db1.py: 0
[2017-05-08 20:15:24] EDIT devicemanager/models/db1.py: -1
[2017-05-08 20:27:33] EDIT devicemanager/models/db1.py: 0
[2017-05-08 20:38:53] EDIT devicemanager/models/db1.py: 0
[2017-05-08 20:41:47] EDIT devicemanager/models/db1.py: 0
[2017-05-08 20:42:09] EDIT devicemanager/models/db1.py: 0
[2017-05-08 20:42:41] EDIT devicemanager/models/db1.py: 0
[2017-05-08 20:45:12] EDIT devicemanager/models/db1.py: 0
[2017-05-08 20:46:14] EDIT devicemanager/models/db1.py: 0
[2017-05-08 20:48:53] EDIT devicemanager/models/db1.py: 0
[2017-05-08 20:49:28] EDIT devicemanager/models/db1.py: 0
[2017-05-08 21:09:36] EDIT devicemanager/models/db1.py: 0
[2017-05-08 21:09:51] EDIT devicemanager/models/db1.py: 0
[2017-05-08 21:10:22] EDIT devicemanager/models/db1.py: 0
[2017-05-08 21:11:17] EDIT devicemanager/models/db1.py: 0
[2017-05-08 21:28:28] EDIT devicemanager/models/db1.py: 0
[2017-05-08 21:29:11] EDIT devicemanager/models/db1.py: 0
[2017-05-08 21:33:27] EDIT devicemanager/models/db1.py: 0
[2017-05-08 21:33:42] EDIT devicemanager/models/db1.py: 0
[2017-05-08 21:34:54] EDIT devicemanager/models/db1.py: 0
[2017-05-08 21:35:36] EDIT devicemanager/models/db1.py: 0
[2017-05-08 21:35:47] EDIT devicemanager/models/db1.py: 0
[2017-05-09 06:33:53] EDIT devicemanager/models/db1.py: 0
[2017-05-09 11:30:17] EDIT devicemanager/views/default/selected_device.html: -2
[2017-05-09 11:30:30] EDIT devicemanager/views/default/selected_device.html: -3
[2017-05-09 11:32:11] EDIT devicemanager/views/default/selected_device.html: -2
[2017-05-09 11:34:27] EDIT devicemanager/static/css/custom.css: 2
[2017-05-09 11:34:32] EDIT devicemanager/controllers/default.py: 1
[2017-05-09 11:34:59] EDIT devicemanager/views/default/index.html: 0
[2017-05-09 11:35:13] EDIT devicemanager/views/default/index.html: 0
[2017-05-09 11:35:24] EDIT devicemanager/views/layout.html: -1
[2017-05-09 11:35:33] EDIT devicemanager/controllers/default.py: 0
[2017-05-09 11:35:36] EDIT devicemanager/controllers/default.py: 0
[2017-05-09 11:35:59] EDIT devicemanager/views/default/index.html: 3
[2017-05-09 11:36:11] EDIT devicemanager/views/default/index.html: 0
[2017-05-09 11:36:37] EDIT devicemanager/views/default/index.html: 0
[2017-05-09 11:37:35] EDIT devicemanager/views/default/index.html: 0
[2017-05-09 11:37:50] EDIT devicemanager/views/default/index.html: 0
[2017-05-09 11:38:59] EDIT devicemanager/views/default/index.html: 0
[2017-05-09 11:39:13] EDIT devicemanager/views/default/index.html: 0
[2017-05-09 11:39:38] EDIT devicemanager/views/default/index.html: 0
[2017-05-09 11:40:00] EDIT devicemanager/views/default/index.html: -5
[2017-05-09 11:43:55] EDIT devicemanager/controllers/default.py: 1
[2017-05-09 11:44:59] EDIT devicemanager/views/layout.html: 2
[2017-05-09 11:45:18] EDIT devicemanager/views/default/selected_device.html: 3
[2017-05-09 11:48:25] EDIT devicemanager/static/css/custom.css: 0
[2017-05-09 11:49:08] EDIT devicemanager/views/layout.html: 2
[2017-05-09 11:52:44] EDIT devicemanager/views/layout.html: 0
[2017-05-09 12:13:57] EDIT devicemanager/views/layout.html: 1
[2017-05-09 12:17:11] EDIT devicemanager/views/layout.html: 30
[2017-05-09 12:20:20] EDIT devicemanager/views/layout.html: 60
[2017-05-09 12:22:26] EDIT devicemanager/views/default/selected_device.html: 8
[2017-05-09 12:23:14] EDIT devicemanager/views/default/selected_device.html: 0
[2017-05-09 12:24:36] EDIT devicemanager/views/default/selected_device.html: 4
[2017-05-09 12:24:42] EDIT devicemanager/views/default/selected_device.html: 0
[2017-05-09 12:25:12] EDIT devicemanager/views/layout.html: 0
[2017-05-09 12:25:17] EDIT devicemanager/views/default/selected_device.html: 0
[2017-05-09 12:27:50] EDIT devicemanager/views/layout.html: 0
[2017-05-09 12:29:56] EDIT devicemanager/views/default/selected_device.html: -4
[2017-05-09 12:30:38] EDIT devicemanager/static/css/custom.css: 2
[2017-05-09 12:32:44] EDIT devicemanager/static/css/custom.css: -2
[2017-05-09 12:33:57] EDIT devicemanager/static/css/custom.css: 0
[2017-05-09 12:35:50] EDIT devicemanager/views/default/selected_device.html: 2
[2017-05-09 12:36:37] EDIT devicemanager/static/css/custom.css: 1
[2017-05-09 12:37:10] EDIT devicemanager/views/default/selected_device.html: 0
[2017-05-09 12:37:43] EDIT devicemanager/views/default/selected_device.html: 0
[2017-05-09 12:38:01] EDIT devicemanager/views/default/selected_device.html: 0
[2017-05-09 12:39:13] EDIT devicemanager/static/css/custom.css: -1
[2017-05-09 12:42:04] EDIT devicemanager/views/default/selected_device.html: 5
[2017-05-09 12:45:42] EDIT devicemanager/views/layout.html: 0
[2017-05-09 12:46:59] EDIT devicemanager/views/layout.html: 0
[2017-05-09 12:55:13] EDIT devicemanager/controllers/default.py: 3
[2017-05-09 12:55:40] EDIT devicemanager/controllers/default.py: 0
[2017-05-09 12:56:04] EDIT devicemanager/controllers/default.py: 0
[2017-05-09 12:59:49] EDIT devicemanager/models/db1.py: 0
[2017-05-09 13:01:32] EDIT devicemanager/models/db1.py: 0
[2017-05-09 13:01:57] EDIT devicemanager/models/db1.py: 0
[2017-05-09 13:02:12] EDIT devicemanager/views/layout.html: -18
[2017-05-09 13:02:34] EDIT devicemanager/views/layout.html: 2
[2017-05-09 13:02:56] EDIT devicemanager/controllers/default.py: 2
[2017-05-09 13:05:08] EDIT devicemanager/controllers/default.py: 10
[2017-05-09 13:06:31] EDIT devicemanager/controllers/default.py: 6
[2017-05-09 13:07:47] EDIT devicemanager/controllers/default.py: 1
[2017-05-09 13:07:56] EDIT devicemanager/controllers/default.py: -1
[2017-05-09 13:08:13] EDIT devicemanager/controllers/default.py: 0
[2017-05-09 13:08:25] EDIT devicemanager/controllers/default.py: 0
[2017-05-09 13:08:31] EDIT devicemanager/controllers/default.py: 0
[2017-05-09 13:10:56] EDIT devicemanager/views/layout.html: 0
[2017-05-09 13:11:31] EDIT devicemanager/views/layout.html: 0
[2017-05-09 13:13:15] EDIT devicemanager/views/layout.html: 0
[2017-05-09 13:13:57] EDIT devicemanager/views/default/add_devices.html: -5
[2017-05-09 13:17:18] EDIT devicemanager/controllers/default.py: 1
[2017-05-09 13:17:23] EDIT devicemanager/controllers/default.py: -1
[2017-05-09 13:20:30] EDIT devicemanager/controllers/default.py: 0
[2017-05-09 13:20:49] EDIT devicemanager/controllers/default.py: 2
[2017-05-09 13:21:34] EDIT devicemanager/controllers/default.py: 1
[2017-05-09 13:25:00] EDIT devicemanager/views/layout.html: 0
[2017-05-09 13:25:24] EDIT devicemanager/views/layout.html: 0
[2017-05-09 13:26:53] EDIT devicemanager/views/layout.html: 0
[2017-05-09 13:27:15] EDIT devicemanager/views/layout.html: 0
[2017-05-09 13:29:25] EDIT devicemanager/views/default/selected_device.html: 12
[2017-05-09 13:30:07] EDIT devicemanager/views/default/selected_device.html: 0
[2017-05-09 13:30:29] EDIT devicemanager/views/default/selected_device.html: 0
[2017-05-09 13:32:51] EDIT devicemanager/controllers/default.py: 0
[2017-05-09 13:47:18] EDIT devicemanager/controllers/default.py: 2
[2017-05-09 13:47:24] EDIT devicemanager/controllers/default.py: -1
[2017-05-09 13:59:46] EDIT devicemanager/controllers/default.py: -28
[2017-05-09 14:00:11] EDIT devicemanager/controllers/default.py: 0
[2017-05-09 14:00:20] EDIT devicemanager/views/default/add_devices.html: 0
[2017-05-09 14:00:54] EDIT devicemanager/controllers/default.py: 0
[2017-05-09 14:01:48] EDIT devicemanager/controllers/default.py: 0
[2017-05-09 14:01:53] EDIT devicemanager/controllers/default.py: 0
[2017-05-09 14:03:06] EDIT devicemanager/controllers/default.py: 0
[2017-05-09 16:11:02] EDIT devicemanager/controllers/default.py: 29
[2017-05-09 16:11:51] EDIT devicemanager/views/default/add_devices.html: 0
[2017-05-09 16:12:37] EDIT devicemanager/controllers/default.py: 0
[2017-05-09 16:13:06] EDIT devicemanager/controllers/default.py: -1
[2017-05-09 16:13:20] EDIT devicemanager/controllers/default.py: 1
[2017-05-09 16:39:13] EDIT devicemanager/controllers/default.py: -1
[2017-05-09 16:41:52] EDIT devicemanager/controllers/default.py: 1
[2017-05-09 17:08:47] EDIT devicemanager/views/layout.html: 0
[2017-05-09 17:14:39] EDIT devicemanager/views/layout.html: 0
[2017-05-09 17:22:40] EDIT devicemanager/views/default/index.html: 0
[2017-05-09 18:09:36] EDIT devicemanager/views/default/view_devices.html: 3
[2017-05-09 18:10:31] EDIT devicemanager/controllers/default.py: 1
[2017-05-09 18:10:35] EDIT devicemanager/views/default/view_devices.html: 0
[2017-05-09 18:11:26] EDIT devicemanager/controllers/default.py: 0
[2017-05-09 18:11:39] EDIT devicemanager/controllers/default.py: 0
[2017-05-09 18:11:53] EDIT devicemanager/controllers/default.py: -1
[2017-05-09 18:11:59] EDIT devicemanager/views/default/view_devices.html: -3
[2017-05-09 18:12:17] EDIT devicemanager/views/default/view_devices.html: 0
[2017-05-09 18:12:33] EDIT devicemanager/controllers/default.py: 0
[2017-05-09 18:12:34] EDIT devicemanager/views/default/view_devices.html: 0
[2017-05-09 18:13:09] EDIT devicemanager/views/default/view_devices.html: 0
[2017-05-09 18:13:39] EDIT devicemanager/views/default/view_devices.html: 0
[2017-05-09 18:14:01] EDIT devicemanager/views/default/view_devices.html: -1
[2017-05-09 18:14:40] EDIT devicemanager/views/default/view_devices.html: 1
[2017-05-09 18:14:55] EDIT devicemanager/views/default/view_devices.html: 0
[2017-05-09 18:15:01] EDIT devicemanager/views/default/view_devices.html: 0
[2017-05-09 18:41:33] EDIT devicemanager/views/default/view_devices.html: 30
[2017-05-09 18:42:40] EDIT devicemanager/views/default/view_devices.html: 79
[2017-05-09 18:43:25] EDIT devicemanager/views/default/view_devices.html: 1
[2017-05-09 18:43:55] EDIT devicemanager/views/layout.html: -108
[2017-05-09 18:43:56] EDIT devicemanager/views/default/view_devices.html: 0
[2017-05-09 18:44:27] EDIT devicemanager/views/layout.html: 108
[2017-05-09 18:45:09] EDIT devicemanager/views/layout.html: 0
[2017-05-09 18:46:10] EDIT devicemanager/views/default/selected_device.html: 110
[2017-05-09 18:55:50] EDIT devicemanager/static/css/custom.css: 0
[2017-05-09 19:22:40] EDIT devicemanager/controllers/default.py: 1
[2017-05-09 19:23:00] EDIT devicemanager/views/default/selected_device.html: 3
[2017-05-09 19:23:37] EDIT devicemanager/controllers/default.py: 0
[2017-05-09 19:24:26] EDIT devicemanager/controllers/default.py: 0
[2017-05-09 19:24:31] EDIT devicemanager/views/default/selected_device.html: 0
[2017-05-09 19:24:50] EDIT devicemanager/views/default/selected_device.html: 0
[2017-05-09 19:25:17] EDIT devicemanager/views/default/selected_device.html: 0
[2017-05-09 19:25:49] EDIT devicemanager/views/default/selected_device.html: 0
[2017-05-09 19:26:20] EDIT devicemanager/views/default/selected_device.html: 0
[2017-05-09 19:29:19] EDIT devicemanager/views/default/selected_device.html: 0
[2017-05-09 19:29:43] EDIT devicemanager/views/default/selected_device.html: 0
[2017-05-09 19:30:26] EDIT devicemanager/views/default/selected_device.html: 0
[2017-05-09 19:30:32] EDIT devicemanager/views/default/selected_device.html: 0
[2017-05-09 19:35:17] EDIT devicemanager/controllers/default.py: 5
[2017-05-09 19:35:34] EDIT devicemanager/views/default/selected_device.html: 0
[2017-05-09 19:36:23] EDIT devicemanager/controllers/default.py: -5
[2017-05-09 19:36:44] EDIT devicemanager/views/default/selected_device.html: 0
[2017-05-09 19:37:35] EDIT devicemanager/controllers/default.py: 4
[2017-05-09 19:37:43] EDIT devicemanager/views/default/selected_device.html: 0
[2017-05-09 19:38:36] EDIT devicemanager/views/default/selected_device.html: 0
[2017-05-09 19:39:31] EDIT devicemanager/controllers/default.py: -4
[2017-05-09 19:39:43] EDIT devicemanager/views/default/selected_device.html: 0
[2017-05-09 19:40:14] EDIT devicemanager/views/default/selected_device.html: 0
[2017-05-09 19:40:44] EDIT devicemanager/views/default/selected_device.html: 0
[2017-05-09 19:41:08] EDIT devicemanager/controllers/default.py: 3
[2017-05-09 19:41:27] EDIT devicemanager/controllers/default.py: 1
[2017-05-09 19:41:47] EDIT devicemanager/views/default/selected_device.html: -2
[2017-05-09 19:41:59] EDIT devicemanager/views/default/selected_device.html: 0
[2017-05-09 19:43:11] EDIT devicemanager/controllers/default.py: 0
[2017-05-09 19:44:36] EDIT devicemanager/controllers/default.py: 0
[2017-05-09 20:00:17] EDIT devicemanager/controllers/default.py: 5
[2017-05-09 20:00:30] EDIT devicemanager/controllers/default.py: 0
[2017-05-09 20:01:05] EDIT devicemanager/views/default/view_devices.html: -110
[2017-05-09 20:01:51] EDIT devicemanager/views/default/view_devices.html: 1
[2017-05-09 20:02:05] EDIT devicemanager/views/default/view_devices.html: 0
[2017-05-09 20:02:09] EDIT devicemanager/views/default/view_devices.html: 0
[2017-05-09 20:04:58] EDIT devicemanager/views/default/view_devices.html: 0
[2017-05-09 20:05:18] EDIT devicemanager/views/default/view_devices.html: 0
[2017-05-09 20:05:31] EDIT devicemanager/views/default/view_devices.html: 0
[2017-05-09 20:05:50] EDIT devicemanager/views/default/view_devices.html: 0
[2017-05-09 20:06:22] EDIT devicemanager/views/default/view_devices.html: 1
[2017-05-09 20:06:45] EDIT devicemanager/views/default/view_devices.html: 0
[2017-05-09 20:11:10] EDIT devicemanager/views/default/view_devices.html: 1
[2017-05-09 20:19:55] EDIT devicemanager/views/default/view_devices.html: -1
[2017-05-09 20:20:27] EDIT devicemanager/views/default/view_devices.html: 0
[2017-05-09 20:23:53] EDIT devicemanager/views/default/view_devices.html: 3
[2017-05-09 20:24:05] EDIT devicemanager/views/default/view_devices.html: -3
[2017-05-09 21:42:23] EDIT devicemanager/views/default/selected_device.html: 0
[2017-05-09 21:42:29] EDIT devicemanager/controllers/default.py: 2
[2017-05-09 21:46:01] EDIT devicemanager/views/default/selected_device.html: 1
[2017-05-09 21:46:18] EDIT devicemanager/controllers/default.py: -1
[2017-05-09 21:47:04] EDIT devicemanager/controllers/default.py: 0
[2017-05-09 21:47:36] EDIT devicemanager/controllers/default.py: -1
[2017-05-09 21:50:47] EDIT devicemanager/views/default/selected_device.html: 0
[2017-05-09 21:53:28] EDIT devicemanager/views/default/selected_device.html: 0
[2017-05-09 21:59:47] EDIT devicemanager/views/default/selected_device.html: 0
[2017-05-09 22:01:55] EDIT devicemanager/views/default/selected_device.html: 0
[2017-05-09 22:02:00] EDIT devicemanager/controllers/default.py: 0
[2017-05-09 22:02:40] EDIT devicemanager/views/default/selected_device.html: 0
[2017-05-09 22:04:51] EDIT devicemanager/views/default/selected_device.html: 0
[2017-05-09 22:06:12] EDIT devicemanager/views/default/selected_device.html: 0
[2017-05-09 22:14:52] EDIT devicemanager/controllers/default.py: 1
[2017-05-09 22:15:05] EDIT devicemanager/views/default/selected_device.html: -1
[2017-05-09 22:23:07] EDIT devicemanager/controllers/default.py: 0
[2017-05-09 22:25:44] EDIT devicemanager/controllers/default.py: 0
[2017-05-09 22:27:00] EDIT devicemanager/controllers/default.py: 0
[2017-05-09 22:27:31] EDIT devicemanager/controllers/default.py: 0
[2017-05-09 22:29:00] EDIT devicemanager/controllers/default.py: 0
[2017-05-09 22:30:29] EDIT devicemanager/controllers/default.py: 0
[2017-05-09 22:30:43] EDIT devicemanager/controllers/default.py: 0
[2017-05-09 22:33:26] EDIT devicemanager/controllers/default.py: 0
[2017-05-09 22:56:02] EDIT devicemanager/views/default/selected_device.html: 0
[2017-05-09 22:56:32] EDIT devicemanager/views/default/selected_device.html: 0
[2017-05-09 22:59:46] EDIT devicemanager/views/default/selected_device.html: 0
[2017-05-09 23:01:46] EDIT devicemanager/controllers/default.py: 1
[2017-05-09 23:03:21] EDIT devicemanager/controllers/default.py: -1
[2017-05-09 23:05:25] EDIT devicemanager/views/default/selected_device.html: 0
[2017-05-09 23:06:26] EDIT devicemanager/views/default/selected_device.html: 0
[2017-05-09 23:06:50] EDIT devicemanager/views/default/selected_device.html: 0
[2017-05-09 23:11:04] EDIT devicemanager/views/default/selected_device.html: 0
[2017-05-09 23:11:32] EDIT devicemanager/views/default/selected_device.html: 0
[2017-05-09 23:16:04] EDIT devicemanager/views/default/selected_device.html: 0
[2017-05-09 23:20:51] EDIT devicemanager/controllers/default.py: 0
[2017-05-09 23:20:54] EDIT devicemanager/views/default/selected_device.html: 0
[2017-05-09 23:22:39] EDIT devicemanager/views/default/selected_device.html: 3
[2017-05-09 23:29:37] EDIT devicemanager/views/default/selected_device.html: 0
[2017-05-09 23:32:12] EDIT devicemanager/views/default/selected_device.html: 0
[2017-05-09 23:33:11] EDIT devicemanager/views/default/selected_device.html: 0
[2017-05-09 23:41:07] EDIT devicemanager/views/default/selected_device.html: 0
[2017-05-09 23:44:34] EDIT devicemanager/views/default/selected_device.html: 0
[2017-05-09 23:45:13] EDIT devicemanager/views/default/selected_device.html: 0
[2017-05-09 23:45:45] EDIT devicemanager/views/default/selected_device.html: 0
[2017-05-09 23:45:50] EDIT devicemanager/views/default/selected_device.html: 0
[2017-05-09 23:48:32] EDIT devicemanager/views/default/selected_device.html: 0
[2017-05-09 23:53:43] EDIT devicemanager/views/default/selected_device.html: 0
[2017-05-09 23:54:37] EDIT devicemanager/controllers/default.py: 0
[2017-05-09 23:54:40] EDIT devicemanager/views/default/selected_device.html: 0
[2017-05-10 10:55:40] EDIT devicemanager/controllers/default.py: 0
[2017-05-10 10:57:10] EDIT devicemanager/views/default/selected_device.html: 0
[2017-05-10 10:57:37] EDIT devicemanager/controllers/default.py: 0
[2017-05-10 10:57:49] EDIT devicemanager/controllers/default.py: 0
[2017-05-10 10:57:58] EDIT devicemanager/controllers/default.py: 0
[2017-05-10 10:58:57] EDIT devicemanager/controllers/default.py: 0
[2017-05-10 11:00:07] EDIT devicemanager/controllers/default.py: 0
[2017-05-10 11:01:27] EDIT devicemanager/views/default/selected_device.html: 0
[2017-05-10 11:03:07] EDIT devicemanager/views/default/view_devices.html: 0
[2017-05-10 11:03:15] EDIT devicemanager/views/default/view_devices.html: 0
[2017-05-10 11:06:05] EDIT devicemanager/views/default/view_devices.html: 4
[2017-05-10 11:06:21] EDIT devicemanager/views/default/view_devices.html: 0
[2017-05-10 11:06:39] EDIT devicemanager/views/default/view_devices.html: 0
[2017-05-10 11:07:06] EDIT devicemanager/views/default/selected_device.html: -8
[2017-05-10 11:09:57] EDIT devicemanager/views/default/selected_device.html: 0
[2017-05-10 11:20:20] EDIT devicemanager/controllers/default.py: -1
[2017-05-10 11:24:23] EDIT devicemanager/views/default/selected_device.html: -7
[2017-05-10 11:25:54] EDIT devicemanager/views/default/selected_device.html: -3
[2017-05-10 11:26:04] EDIT devicemanager/controllers/default.py: 0
[2017-05-10 11:35:21] EDIT devicemanager/controllers/default.py: 0
[2017-05-10 11:36:09] EDIT devicemanager/views/default/selected_device.html: 0
[2017-05-10 11:38:47] EDIT devicemanager/views/default/selected_device.html: 0
[2017-05-10 11:43:28] EDIT devicemanager/controllers/default.py: 0
[2017-05-10 11:45:48] EDIT devicemanager/controllers/default.py: 0
[2017-05-10 11:46:20] EDIT devicemanager/controllers/default.py: 0
[2017-05-10 11:47:31] EDIT devicemanager/controllers/default.py: 0
[2017-05-10 11:47:46] EDIT devicemanager/views/default/selected_device.html: 0
[2017-05-10 11:49:25] EDIT devicemanager/views/default/selected_device.html: 0
[2017-05-10 11:51:01] EDIT devicemanager/views/default/selected_device.html: 0
[2017-05-10 11:53:22] EDIT devicemanager/views/default/selected_device.html: 0
[2017-05-10 11:54:36] EDIT devicemanager/views/default/selected_device.html: 0
[2017-05-10 11:55:09] EDIT devicemanager/controllers/default.py: 0
[2017-05-10 11:55:44] EDIT devicemanager/views/default/selected_device.html: 0
[2017-05-10 11:55:52] EDIT devicemanager/views/default/selected_device.html: 0
[2017-05-10 11:55:55] EDIT devicemanager/controllers/default.py: 0
[2017-05-10 11:58:27] EDIT devicemanager/views/default/selected_device.html: 0
[2017-05-10 12:00:15] EDIT devicemanager/views/default/selected_device.html: 0
[2017-05-10 12:00:19] EDIT devicemanager/controllers/default.py: 0
[2017-05-10 12:38:30] EDIT devicemanager/views/default/index.html: 7
[2017-05-10 12:38:43] EDIT devicemanager/views/layout.html: -5
[2017-05-10 12:49:23] EDIT devicemanager/views/default/index.html: 0
[2017-05-10 12:49:41] EDIT devicemanager/views/default/index.html: 0
[2017-05-10 12:50:48] EDIT devicemanager/views/default/view_devices.html: 4
[2017-05-10 12:50:51] EDIT devicemanager/views/default/view_devices.html: 0
[2017-05-10 12:52:11] EDIT devicemanager/views/default/view_devices.html: 0
[2017-05-10 12:52:46] EDIT devicemanager/views/default/add_devices.html: 4
[2017-05-10 12:52:49] EDIT devicemanager/views/default/add_devices.html: 0
[2017-05-10 12:53:41] EDIT devicemanager/views/layout.html: 0
[2017-05-10 12:54:09] EDIT devicemanager/views/default/index.html: 0
[2017-05-10 12:54:40] EDIT devicemanager/views/default/index.html: 0
[2017-05-10 12:55:01] EDIT devicemanager/views/default/selected_device.html: 8
[2017-05-10 12:55:08] EDIT devicemanager/views/default/view_devices.html: 1
[2017-05-10 12:55:11] EDIT devicemanager/views/default/add_devices.html: 1
[2017-05-10 12:55:46] EDIT devicemanager/views/default/add_devices.html: 0
[2017-05-10 12:55:54] EDIT devicemanager/views/default/selected_device.html: 0
[2017-05-10 12:58:36] EDIT devicemanager/views/default/selected_device.html: -7
[2017-05-10 13:00:10] EDIT devicemanager/views/default/view_devices.html: -4
[2017-05-10 13:02:56] EDIT devicemanager/views/default/add_devices.html: 3
[2017-05-10 13:03:05] EDIT devicemanager/views/default/add_devices.html: 0
[2017-05-10 13:04:32] EDIT devicemanager/controllers/default.py: 0
[2017-05-10 13:11:03] EDIT devicemanager/views/default/selected_device.html: -1
[2017-05-10 13:15:23] EDIT devicemanager/views/default/selected_device.html: 0
[2017-05-10 13:15:50] EDIT devicemanager/views/default/selected_device.html: -7
[2017-05-10 13:16:19] EDIT devicemanager/views/default/view_devices.html: 2
[2017-05-10 13:18:15] EDIT devicemanager/views/default/view_devices.html: 0
[2017-05-10 13:18:38] EDIT devicemanager/views/default/selected_device.html: -1
[2017-05-10 13:21:00] EDIT devicemanager/views/default/add_devices.html: 0
[2017-05-10 13:21:12] EDIT devicemanager/views/default/index.html: 0
[2017-05-10 13:26:25] EDIT devicemanager/views/default/selected_device.html: -7
[2017-05-10 13:33:26] EDIT devicemanager/views/default/selected_device.html: -1
[2017-05-10 13:34:14] EDIT devicemanager/views/default/selected_device.html: 1
[2017-05-10 13:34:39] EDIT devicemanager/views/default/view_devices.html: -2
[2017-05-10 13:41:43] EDIT devicemanager/views/default/view_devices.html: 7
[2017-05-10 13:46:56] EDIT devicemanager/views/layout.html: -2
[2017-05-10 13:47:18] EDIT devicemanager/views/layout.html: 4
[2017-05-10 13:48:00] EDIT devicemanager/views/default/selected_device.html: -1
[2017-05-10 14:39:29] EDIT devicemanager/controllers/default.py: 2
[2017-05-10 14:44:16] EDIT devicemanager/controllers/default.py: 1
[2017-05-10 14:45:11] EDIT devicemanager/controllers/default.py: 0
[2017-05-10 14:45:24] EDIT devicemanager/controllers/default.py: 0
[2017-05-10 14:45:26] EDIT devicemanager/controllers/default.py: 0
[2017-05-10 14:45:48] CREATE default/dev_management.html: 0
[2017-05-10 14:45:56] EDIT devicemanager/views/default/dev_management.html: 0
[2017-05-10 14:46:04] EDIT devicemanager/views/default/dev_management.html: 2
[2017-05-10 14:47:13] EDIT devicemanager/views/default/dev_management.html: 0
[2017-05-10 14:47:34] EDIT devicemanager/controllers/default.py: 1
[2017-05-10 14:48:33] EDIT devicemanager/controllers/default.py: 0
[2017-05-10 14:49:15] EDIT devicemanager/controllers/default.py: 0
[2017-05-10 14:51:44] EDIT devicemanager/controllers/default.py: 0
[2017-05-10 15:04:20] EDIT devicemanager/models/db1.py: 0
[2017-05-10 15:04:43] EDIT devicemanager/models/db1.py: 0
[2017-05-10 15:10:54] EDIT devicemanager/controllers/default.py: 20
[2017-05-10 15:11:39] EDIT devicemanager/controllers/default.py: 0
[2017-05-10 15:13:20] EDIT devicemanager/controllers/default.py: 0
[2017-05-10 15:13:33] EDIT devicemanager/controllers/default.py: 0
[2017-05-10 15:13:40] EDIT devicemanager/controllers/default.py: 0
[2017-05-10 15:14:50] EDIT devicemanager/controllers/default.py: 0
[2017-05-10 15:30:38] EDIT devicemanager/views/default/index.html: 2
[2017-05-10 15:33:31] EDIT devicemanager/controllers/default.py: 0
[2017-05-10 15:34:46] EDIT devicemanager/views/default/dev_management.html: 0
[2017-05-10 15:35:38] EDIT devicemanager/controllers/default.py: 0
[2017-05-10 15:36:03] EDIT devicemanager/controllers/default.py: 0
[2017-05-10 15:38:11] EDIT devicemanager/controllers/default.py: 0
[2017-05-10 15:39:01] EDIT devicemanager/controllers/default.py: 0
[2017-05-10 15:43:46] EDIT devicemanager/controllers/default.py: 0
[2017-05-10 15:47:09] EDIT devicemanager/controllers/default.py: 0
[2017-05-10 15:47:49] EDIT devicemanager/controllers/default.py: 0
[2017-05-10 15:47:57] EDIT devicemanager/controllers/default.py: 0
[2017-05-10 21:22:29] EDIT devicemanager/views/default/add_devices.html: 0
[2017-05-10 21:23:12] EDIT devicemanager/views/default/add_devices.html: 2
[2017-05-10 21:23:30] EDIT devicemanager/views/default/add_devices.html: 0
[2017-05-10 21:23:42] EDIT devicemanager/views/default/add_devices.html: 0
[2017-05-10 21:23:56] EDIT devicemanager/views/default/add_devices.html: 0
[2017-05-10 21:24:17] EDIT devicemanager/views/default/add_devices.html: 0
[2017-05-10 21:24:27] EDIT devicemanager/views/default/add_devices.html: 0
[2017-05-10 21:25:40] EDIT devicemanager/views/default/add_devices.html: 0
[2017-05-10 21:25:53] EDIT devicemanager/views/default/add_devices.html: 0
[2017-05-10 21:26:08] EDIT devicemanager/views/default/add_devices.html: 0
[2017-05-10 21:30:45] EDIT devicemanager/views/default/add_devices.html: 0
[2017-05-10 21:30:54] EDIT devicemanager/views/default/add_devices.html: 0
[2017-05-10 21:31:00] EDIT devicemanager/views/default/add_devices.html: 0
[2017-05-10 21:31:54] EDIT devicemanager/views/default/add_devices.html: 0
[2017-05-10 21:32:55] EDIT devicemanager/views/default/add_devices.html: 0
[2017-05-10 21:33:03] EDIT devicemanager/views/default/add_devices.html: 0
[2017-05-10 21:33:36] EDIT devicemanager/views/default/add_devices.html: 0
[2017-05-10 21:33:54] EDIT devicemanager/views/default/add_devices.html: 0
[2017-05-10 21:35:55] EDIT devicemanager/static/css/custom.css: 3
[2017-05-10 23:53:47] EDIT devicemanager/views/default/index.html: 0
[2017-05-10 23:56:21] EDIT devicemanager/views/default/view_devices.html: -1
[2017-05-10 23:57:59] EDIT devicemanager/static/css/custom.css: 3
[2017-05-10 23:58:26] EDIT devicemanager/static/css/custom.css: 1
[2017-05-10 23:59:05] EDIT devicemanager/static/css/custom.css: 0
[2017-05-11 00:00:18] EDIT devicemanager/views/default/index.html: 2
[2017-05-11 00:01:04] EDIT devicemanager/static/css/custom.css: 3
[2017-05-11 00:02:08] EDIT devicemanager/static/css/custom.css: 0
[2017-05-11 00:03:07] EDIT devicemanager/static/css/custom.css: 3
[2017-05-11 00:03:27] EDIT devicemanager/static/css/custom.css: 1
[2017-05-11 00:04:18] EDIT devicemanager/static/css/custom.css: -1
[2017-05-11 00:04:48] EDIT devicemanager/static/css/custom.css: 2
[2017-05-11 00:05:01] EDIT devicemanager/static/css/custom.css: 1
[2017-05-11 00:05:03] EDIT devicemanager/static/css/custom.css: 0
[2017-05-11 00:05:23] EDIT devicemanager/static/css/custom.css: 1
[2017-05-11 00:05:46] EDIT devicemanager/static/css/custom.css: 0
[2017-05-11 00:06:30] EDIT devicemanager/static/css/custom.css: 0
[2017-05-11 00:06:49] EDIT devicemanager/static/css/custom.css: 0
[2017-05-11 00:07:09] EDIT devicemanager/static/css/custom.css: 0
[2017-05-11 00:07:38] EDIT devicemanager/static/css/custom.css: 1
[2017-05-11 00:07:58] EDIT devicemanager/static/css/custom.css: 0
[2017-05-11 00:08:09] EDIT devicemanager/static/css/custom.css: 0
[2017-05-11 00:08:24] EDIT devicemanager/static/css/custom.css: 0
[2017-05-11 00:09:17] EDIT devicemanager/static/css/custom.css: 0
[2017-05-11 00:10:05] EDIT devicemanager/static/css/custom.css: 2
[2017-05-11 00:10:54] EDIT devicemanager/static/css/custom.css: 1
[2017-05-11 00:10:54] EDIT devicemanager/static/css/custom.css: 0
[2017-05-11 00:11:23] EDIT devicemanager/static/css/custom.css: 1
[2017-05-11 00:11:40] EDIT devicemanager/static/css/custom.css: 0
[2017-05-11 00:12:04] EDIT devicemanager/static/css/custom.css: 0
[2017-05-11 00:12:25] EDIT devicemanager/static/css/custom.css: 1
[2017-05-11 00:13:37] EDIT devicemanager/static/css/custom.css: 0
[2017-05-11 00:13:51] EDIT devicemanager/static/css/custom.css: 0
[2017-05-11 00:14:29] EDIT devicemanager/static/css/custom.css: 2
[2017-05-11 00:14:45] EDIT devicemanager/static/css/custom.css: 0
[2017-05-11 00:16:33] EDIT devicemanager/static/css/custom.css: 1
[2017-05-11 00:17:26] EDIT devicemanager/static/css/custom.css: 1
[2017-05-11 00:17:27] EDIT devicemanager/static/css/custom.css: 0
[2017-05-11 00:18:04] EDIT devicemanager/static/css/custom.css: 0
[2017-05-11 00:18:06] EDIT devicemanager/static/css/custom.css: 0
[2017-05-11 00:18:34] EDIT devicemanager/static/css/custom.css: 1
[2017-05-11 00:19:57] EDIT devicemanager/views/default/add_devices.html: 4
[2017-05-11 00:21:31] EDIT devicemanager/views/default/view_devices.html: 5
[2017-05-11 00:22:28] EDIT devicemanager/static/css/custom.css: 1
[2017-05-11 00:22:39] EDIT devicemanager/static/css/custom.css: 0
[2017-05-11 00:22:50] EDIT devicemanager/static/css/custom.css: 0
[2017-05-11 00:24:11] EDIT devicemanager/static/css/custom.css: 4
[2017-05-11 00:24:33] EDIT devicemanager/static/css/custom.css: 1
[2017-05-11 00:25:05] EDIT devicemanager/static/css/custom.css: 1
[2017-05-11 00:25:41] EDIT devicemanager/static/css/custom.css: 2
[2017-05-11 00:26:25] EDIT devicemanager/static/css/custom.css: -2
[2017-05-11 00:26:58] EDIT devicemanager/static/css/custom.css: 1
[2017-05-11 00:27:20] EDIT devicemanager/static/css/custom.css: 1
[2017-05-11 00:28:10] EDIT devicemanager/static/css/custom.css: -1
[2017-05-11 00:29:02] EDIT devicemanager/static/css/custom.css: -3
[2017-05-11 00:33:57] EDIT devicemanager/views/default/index.html: 5
[2017-05-11 00:34:05] EDIT devicemanager/static/css/custom.css: 1
[2017-05-11 00:34:17] EDIT devicemanager/views/default/index.html: 0
[2017-05-11 00:34:37] EDIT devicemanager/views/default/index.html: 0
[2017-05-11 00:35:10] EDIT devicemanager/views/default/index.html: 0
[2017-05-11 00:35:56] EDIT devicemanager/views/default/index.html: 0
[2017-05-11 00:35:58] EDIT devicemanager/views/default/index.html: 0
[2017-05-11 00:36:15] EDIT devicemanager/views/default/index.html: 1
[2017-05-11 00:36:28] EDIT devicemanager/views/default/index.html: 0
[2017-05-11 00:36:30] EDIT devicemanager/views/default/index.html: 0
[2017-05-11 00:36:38] EDIT devicemanager/views/default/index.html: 0
[2017-05-11 00:38:20] EDIT devicemanager/views/default/index.html: 2
[2017-05-11 00:39:15] EDIT devicemanager/views/default/index.html: 0
[2017-05-11 00:39:29] EDIT devicemanager/views/default/index.html: 0
[2017-05-11 00:39:56] EDIT devicemanager/views/default/index.html: 0
[2017-05-11 00:40:25] EDIT devicemanager/static/css/custom.css: 1
[2017-05-11 00:41:16] EDIT devicemanager/views/default/index.html: 1
[2017-05-11 00:42:07] EDIT devicemanager/views/default/index.html: 0
[2017-05-11 00:42:35] EDIT devicemanager/views/default/index.html: 0
[2017-05-11 00:43:04] EDIT devicemanager/views/default/index.html: 0
[2017-05-11 00:43:19] EDIT devicemanager/views/default/index.html: 0
[2017-05-11 00:43:51] EDIT devicemanager/views/default/index.html: 0
[2017-05-11 00:53:06] EDIT devicemanager/views/default/add_devices.html: 0
[2017-05-11 00:53:45] EDIT devicemanager/views/default/add_devices.html: 9
[2017-05-11 00:53:51] EDIT devicemanager/views/default/add_devices.html: 0
[2017-05-11 00:56:14] EDIT devicemanager/static/css/custom.css: -1
[2017-05-11 00:56:24] EDIT devicemanager/static/css/custom.css: 0
[2017-05-11 00:56:34] EDIT devicemanager/views/default/index.html: -1
[2017-05-11 00:56:56] EDIT devicemanager/views/default/add_devices.html: 0
[2017-05-11 00:57:42] EDIT devicemanager/views/default/add_devices.html: -2
[2017-05-11 00:58:11] EDIT devicemanager/views/default/add_devices.html: -7
[2017-05-11 01:00:03] EDIT devicemanager/views/default/add_devices.html: 0
[2017-05-11 01:00:27] EDIT devicemanager/static/css/custom.css: -1
[2017-05-11 01:00:39] EDIT devicemanager/static/css/custom.css: 1
[2017-05-11 01:01:04] EDIT devicemanager/views/default/add_devices.html: 8
[2017-05-11 01:01:21] EDIT devicemanager/views/default/add_devices.html: -3
[2017-05-11 01:02:51] EDIT devicemanager/views/default/view_devices.html: 4
[2017-05-11 01:03:16] EDIT devicemanager/views/default/view_devices.html: 1
[2017-05-11 01:11:39] EDIT devicemanager/views/default/add_devices.html: -1
[2017-05-11 01:11:48] EDIT devicemanager/views/default/view_devices.html: -1
